Line 21: Class WOWFormer_ActiveX.WOWFormer of control wfm was not a loaded control class.
Line 28: The property name _ExtentX in wfm is invalid.
Line 29: The property name _ExtentY in wfm is invalid.
Line 30: The property name PictureLeft in wfm is invalid.
Line 31: The property name PictureMiddle in wfm is invalid.
Line 32: The property name PictureRight in wfm is invalid.
Line 33: The property name PictureRightWidth in wfm is invalid.
Line 34: The property name FormBorderTop in wfm is invalid.
Line 35: The property name FormBorderLeft in wfm is invalid.
Line 36: The property name FormBorderBottom in wfm is invalid.
Line 37: The property name FormBorderRight in wfm is invalid.
Line 38: The property name FormBorderLeftWidth in wfm is invalid.
Line 39: The property name FormBorderBottomHeight in wfm is invalid.
Line 40: The property name FormBorderRightWidth in wfm is invalid.
Line 41: The property name FormBackground in wfm is invalid.
Line 42: The property name AllowMaximize in wfm is invalid.
Line 43: The property name FormIcon in wfm is invalid.
Line 52: The property name CaptionFont in wfm is invalid.
Line 53: The property name CaptionColor in wfm is invalid.
Line 54: The property name PictureMaximize in wfm is invalid.
Line 55: The property name PictureMinimize in wfm is invalid.
Line 56: The property name PictureClose in wfm is invalid.
Line 57: The property name PictureMinimizeToTray in wfm is invalid.
Line 58: The property name PictureShrink in wfm is invalid.
Line 59: The property name PictureCloseDown in wfm is invalid.
Line 60: The property name PictureMaximizeDown in wfm is invalid.
Line 61: The property name PictureMinimizeDown in wfm is invalid.
Line 62: The property name PictureShrinkDown in wfm is invalid.
Line 63: The property name PictureMinimizeToTrayDown in wfm is invalid.
Line 64: The property name PicturePin in wfm is invalid.
Line 65: The property name PicturePinDown in wfm is invalid.
Line 66: The property name PicturePinHover in wfm is invalid.
Line 67: The property name PictureMinimizeToTrayHover in wfm is invalid.
Line 68: The property name PictureShrinkHover in wfm is invalid.
Line 69: The property name PictureMinimizeHover in wfm is invalid.
Line 70: The property name PictureMaximizeHover in wfm is invalid.
Line 71: The property name PictureCloseHover in wfm is invalid.
Line 72: The property name TrayTip in wfm is invalid.
Line 73: The property name FormMouseIcon in wfm is invalid.
Line 74: The property name TrayIcon in wfm is invalid.
